{"D:\\Beginner\\React-JS-BeginnerTasks\\timer\\src\\components\\timer\\index.tsx": {"path":"D:\\Beginner\\React-JS-BeginnerTasks\\timer\\src\\components\\timer\\index.tsx","statementMap":{"0":{"start":{"line":6,"column":40},"end":{"line":15,"column":1}},"1":{"start":{"line":11,"column":16},"end":{"line":11,"column":36}},"2":{"start":{"line":12,"column":18},"end":{"line":12,"column":40}},"3":{"start":{"line":13,"column":18},"end":{"line":13,"column":40}},"4":{"start":{"line":14,"column":2},"end":{"line":14,"column":43}}},"fnMap":{"0":{"name":"(anonymous_0)","decl":{"start":{"line":6,"column":40},"end":{"line":6,"column":41}},"loc":{"start":{"line":10,"column":6},"end":{"line":15,"column":1}},"line":10}},"branchMap":{},"s":{"0":1,"1":1,"2":1,"3":1,"4":1},"f":{"0":1},"b":{},"_coverageSchema":"1a1c01bbd47fc00a2c39e90264f33305004495a9","hash":"996742ad58b7a93f6f9350411ae0c413d3f50ff3"}
,"D:\\Beginner\\React-JS-BeginnerTasks\\timer\\src\\page\\index.tsx": {"path":"D:\\Beginner\\React-JS-BeginnerTasks\\timer\\src\\page\\index.tsx","statementMap":{"0":{"start":{"line":8,"column":13},"end":{"line":8,"column":44}},"1":{"start":{"line":10,"column":44},"end":{"line":78,"column":1}},"2":{"start":{"line":11,"column":28},"end":{"line":11,"column":48}},"3":{"start":{"line":12,"column":34},"end":{"line":12,"column":58}},"4":{"start":{"line":14,"column":2},"end":{"line":16,"column":9}},"5":{"start":{"line":15,"column":4},"end":{"line":15,"column":19}},"6":{"start":{"line":18,"column":2},"end":{"line":32,"column":25}},"7":{"start":{"line":19,"column":21},"end":{"line":29,"column":5}},"8":{"start":{"line":20,"column":24},"end":{"line":27,"column":14}},"9":{"start":{"line":21,"column":8},"end":{"line":26,"column":9}},"10":{"start":{"line":25,"column":10},"end":{"line":25,"column":55}},"11":{"start":{"line":25,"column":30},"end":{"line":25,"column":53}},"12":{"start":{"line":28,"column":6},"end":{"line":28,"column":43}},"13":{"start":{"line":28,"column":19},"end":{"line":28,"column":42}},"14":{"start":{"line":31,"column":4},"end":{"line":31,"column":15}},"15":{"start":{"line":34,"column":22},"end":{"line":37,"column":3}},"16":{"start":{"line":35,"column":4},"end":{"line":35,"column":22}},"17":{"start":{"line":36,"column":4},"end":{"line":36,"column":19}},"18":{"start":{"line":39,"column":21},"end":{"line":41,"column":3}},"19":{"start":{"line":40,"column":4},"end":{"line":40,"column":27}},"20":{"start":{"line":43,"column":21},"end":{"line":46,"column":3}},"21":{"start":{"line":44,"column":4},"end":{"line":44,"column":22}},"22":{"start":{"line":45,"column":4},"end":{"line":45,"column":56}},"23":{"start":{"line":48,"column":16},"end":{"line":48,"column":32}},"24":{"start":{"line":49,"column":18},"end":{"line":49,"column":36}},"25":{"start":{"line":50,"column":18},"end":{"line":50,"column":36}},"26":{"start":{"line":52,"column":24},"end":{"line":52,"column":54}},"27":{"start":{"line":54,"column":2},"end":{"line":77,"column":4}},"28":{"start":{"line":58,"column":10},"end":{"line":73,"column":13}}},"fnMap":{"0":{"name":"(anonymous_0)","decl":{"start":{"line":10,"column":44},"end":{"line":10,"column":45}},"loc":{"start":{"line":10,"column":50},"end":{"line":78,"column":1}},"line":10},"1":{"name":"(anonymous_1)","decl":{"start":{"line":14,"column":12},"end":{"line":14,"column":13}},"loc":{"start":{"line":14,"column":18},"end":{"line":16,"column":3}},"line":14},"2":{"name":"(anonymous_2)","decl":{"start":{"line":18,"column":12},"end":{"line":18,"column":13}},"loc":{"start":{"line":18,"column":18},"end":{"line":32,"column":3}},"line":18},"3":{"name":"(anonymous_3)","decl":{"start":{"line":19,"column":21},"end":{"line":19,"column":22}},"loc":{"start":{"line":19,"column":27},"end":{"line":29,"column":5}},"line":19},"4":{"name":"(anonymous_4)","decl":{"start":{"line":20,"column":35},"end":{"line":20,"column":36}},"loc":{"start":{"line":20,"column":41},"end":{"line":27,"column":7}},"line":20},"5":{"name":"(anonymous_5)","decl":{"start":{"line":25,"column":19},"end":{"line":25,"column":20}},"loc":{"start":{"line":25,"column":30},"end":{"line":25,"column":53}},"line":25},"6":{"name":"(anonymous_6)","decl":{"start":{"line":28,"column":13},"end":{"line":28,"column":14}},"loc":{"start":{"line":28,"column":19},"end":{"line":28,"column":42}},"line":28},"7":{"name":"(anonymous_7)","decl":{"start":{"line":34,"column":22},"end":{"line":34,"column":23}},"loc":{"start":{"line":34,"column":34},"end":{"line":37,"column":3}},"line":34},"8":{"name":"(anonymous_8)","decl":{"start":{"line":39,"column":21},"end":{"line":39,"column":22}},"loc":{"start":{"line":39,"column":33},"end":{"line":41,"column":3}},"line":39},"9":{"name":"(anonymous_9)","decl":{"start":{"line":43,"column":21},"end":{"line":43,"column":22}},"loc":{"start":{"line":43,"column":33},"end":{"line":46,"column":3}},"line":43},"10":{"name":"(anonymous_10)","decl":{"start":{"line":57,"column":9},"end":{"line":57,"column":10}},"loc":{"start":{"line":58,"column":10},"end":{"line":73,"column":13}},"line":58}},"branchMap":{"0":{"loc":{"start":{"line":21,"column":8},"end":{"line":26,"column":9}},"type":"if","locations":[{"start":{"line":21,"column":8},"end":{"line":26,"column":9}},{"start":{},"end":{}}],"line":21},"1":{"loc":{"start":{"line":22,"column":10},"end":{"line":23,"column":76}},"type":"binary-expr","locations":[{"start":{"line":22,"column":10},"end":{"line":22,"column":19}},{"start":{"line":23,"column":10},"end":{"line":23,"column":76}}],"line":22},"2":{"loc":{"start":{"line":23,"column":12},"end":{"line":23,"column":75}},"type":"binary-expr","locations":[{"start":{"line":23,"column":12},"end":{"line":23,"column":31}},{"start":{"line":23,"column":35},"end":{"line":23,"column":54}},{"start":{"line":23,"column":58},"end":{"line":23,"column":75}}],"line":23},"3":{"loc":{"start":{"line":52,"column":24},"end":{"line":52,"column":54}},"type":"binary-expr","locations":[{"start":{"line":52,"column":24},"end":{"line":52,"column":30}},{"start":{"line":52,"column":34},"end":{"line":52,"column":42}},{"start":{"line":52,"column":46},"end":{"line":52,"column":54}}],"line":52},"4":{"loc":{"start":{"line":60,"column":18},"end":{"line":60,"column":49}},"type":"cond-expr","locations":[{"start":{"line":60,"column":30},"end":{"line":60,"column":35}},{"start":{"line":60,"column":38},"end":{"line":60,"column":49}}],"line":60},"5":{"loc":{"start":{"line":62,"column":18},"end":{"line":62,"column":55}},"type":"cond-expr","locations":[{"start":{"line":62,"column":32},"end":{"line":62,"column":39}},{"start":{"line":62,"column":42},"end":{"line":62,"column":55}}],"line":62},"6":{"loc":{"start":{"line":64,"column":18},"end":{"line":64,"column":55}},"type":"cond-expr","locations":[{"start":{"line":64,"column":32},"end":{"line":64,"column":39}},{"start":{"line":64,"column":42},"end":{"line":64,"column":55}}],"line":64},"7":{"loc":{"start":{"line":69,"column":17},"end":{"line":69,"column":46}},"type":"cond-expr","locations":[{"start":{"line":69,"column":29},"end":{"line":69,"column":36}},{"start":{"line":69,"column":39},"end":{"line":69,"column":46}}],"line":69}},"s":{"0":1,"1":1,"2":1,"3":1,"4":1,"5":1,"6":1,"7":1,"8":1,"9":0,"10":0,"11":0,"12":1,"13":0,"14":1,"15":1,"16":0,"17":0,"18":1,"19":0,"20":1,"21":0,"22":0,"23":1,"24":1,"25":1,"26":1,"27":1,"28":1},"f":{"0":1,"1":1,"2":1,"3":1,"4":0,"5":0,"6":0,"7":0,"8":0,"9":0,"10":1},"b":{"0":[0,0],"1":[0,0],"2":[0,0,0],"3":[1,1,1],"4":[0,1],"5":[0,1],"6":[0,1],"7":[0,1]},"_coverageSchema":"1a1c01bbd47fc00a2c39e90264f33305004495a9","hash":"b5907ae16b4c363aa0d88eebc52132db27523281"}
}
